<?xml version="1.0" encoding="UTF-8"?>
<testsuite xmlns:xsi="http://www.w3.org/2001/XMLSchema-instance" xsi:schemaLocation="https://maven.apache.org/surefire/maven-surefire-plugin/xsd/surefire-test-report.xsd" name="TestSuite" time="62.254" tests="10" errors="0" skipped="0" failures="2">
  <properties>
[...]
</properties>
  <testcase name="WebsiteLanding" classname="com.frame.runner.ContactTestCase" time="4.371"/>
  <testcase name="Add_item_to_cart" classname="com.frame.runner.ContactTestCase" time="16.092"/>
  <testcase name="Verify_the_Item_on_the_Cart" classname="com.frame.runner.ContactTestCase" time="0.292"/>
  <testcase name="Search_Boxdropdown_validation" classname="com.frame.runner.ContactTestCase" time="4.609"/>
  <testcase name="Feature_Validation_1and2" classname="com.frame.runner.ContactTestCase" time="4.745"/>
  <testcase name="Wishlist_Validation" classname="com.frame.runner.ContactTestCase" time="6.189">
    <failure message="no such element: Unable to locate element: {&quot;method&quot;:&quot;xpath&quot;,&quot;selector&quot;:&quot;//*[@id=&quot;ProductSection-7019647205574&quot;]/div/div/div[1]/div[2]/div/div[1]/div[1]/div/button&quot;}&#10;  (Session info: chrome=96.0.4664.45)&#10;For documentation on this error, please visit: https://www.seleniumhq.org/exceptions/no_such_element.html&#10;Build info: version: &apos;3.141.59&apos;, revision: &apos;e82be7d358&apos;, time: &apos;2018-11-14T08:17:03&apos;&#10;System info: host: &apos;DESKTOP-SGOLO4O&apos;, ip: &apos;192.168.0.105&apos;, os.name: &apos;Windows 10&apos;, os.arch: &apos;amd64&apos;, os.version: &apos;10.0&apos;, java.version: &apos;1.8.0_301&apos;&#10;Driver info: org.openqa.selenium.chrome.ChromeDriver&#10;Capabilities {acceptInsecureCerts: false, browserName: chrome, browserVersion: 96.0.4664.45, chrome: {chromedriverVersion: 96.0.4664.45 (76e4c1bb2ab46..., userDataDir: C:\Users\bunti\AppData\Loca...}, goog:chromeOptions: {debuggerAddress: localhost:59679}, javascriptEnabled: true, networkConnectionEnabled: false, pageLoadStrategy: normal, platform: WINDOWS, platformName: WINDOWS, proxy: Proxy(), setWindowRect: true, strictFileInteractability: false, timeouts: {implicit: 0, pageLoad: 300000, script: 30000}, unhandledPromptBehavior: dismiss and notify, webauthn:extension:credBlob: true, webauthn:extension:largeBlob: true, webauthn:virtualAuthenticators: true}&#10;Session ID: d44c5c872ca7842f94ab00186fd73ccd&#10;*** Element info: {Using=xpath, value=//*[@id=&quot;ProductSection-7019647205574&quot;]/div/div/div[1]/div[2]/div/div[1]/div[1]/div/button}" type="org.openqa.selenium.NoSuchElementException">org.openqa.selenium.NoSuchElementException: 
no such element: Unable to locate element: {"method":"xpath","selector":"//*[@id="ProductSection-7019647205574"]/div/div/div[1]/div[2]/div/div[1]/div[1]/div/button"}
  (Session info: chrome=96.0.4664.45)
For documentation on this error, please visit: https://www.seleniumhq.org/exceptions/no_such_element.html
Build info: version: '3.141.59', revision: 'e82be7d358', time: '2018-11-14T08:17:03'
System info: host: 'DESKTOP-SGOLO4O', ip: '192.168.0.105', os.name: 'Windows 10', os.arch: 'amd64', os.version: '10.0', java.version: '1.8.0_301'
Driver info: org.openqa.selenium.chrome.ChromeDriver
Capabilities {acceptInsecureCerts: false, browserName: chrome, browserVersion: 96.0.4664.45, chrome: {chromedriverVersion: 96.0.4664.45 (76e4c1bb2ab46..., userDataDir: C:\Users\bunti\AppData\Loca...}, goog:chromeOptions: {debuggerAddress: localhost:59679}, javascriptEnabled: true, networkConnectionEnabled: false, pageLoadStrategy: normal, platform: WINDOWS, platformName: WINDOWS, proxy: Proxy(), setWindowRect: true, strictFileInteractability: false, timeouts: {implicit: 0, pageLoad: 300000, script: 30000}, unhandledPromptBehavior: dismiss and notify, webauthn:extension:credBlob: true, webauthn:extension:largeBlob: true, webauthn:virtualAuthenticators: true}
Session ID: d44c5c872ca7842f94ab00186fd73ccd
*** Element info: {Using=xpath, value=//*[@id="ProductSection-7019647205574"]/div/div/div[1]/div[2]/div/div[1]/div[1]/div/button}
	at com.frame.runner.ContactTestCase.Wishlist_Validation(ContactTestCase.java:145)
</failure>
    <system-out><![CDATA[Test passed
Test has started
Test has started
Test Failed
]]></system-out>
  </testcase>
  <testcase name="Cart_feature_validation" classname="com.frame.runner.ContactTestCase" time="8.066"/>
  <testcase name="Gift_Card_validation" classname="com.frame.runner.ContactTestCase" time="4.266"/>
  <testcase name="sign_in_page_validation1" classname="com.frame.runner.ContactTestCase" time="5.435"/>
  <testcase name="sign_in_page_validation2" classname="com.frame.runner.ContactTestCase" time="0.255">
    <failure message="no such element: Unable to locate element: {&quot;method&quot;:&quot;xpath&quot;,&quot;selector&quot;:&quot;//*[@id=&quot;RecoverPassword&quot;]&quot;}&#10;  (Session info: chrome=96.0.4664.45)&#10;For documentation on this error, please visit: https://www.seleniumhq.org/exceptions/no_such_element.html&#10;Build info: version: &apos;3.141.59&apos;, revision: &apos;e82be7d358&apos;, time: &apos;2018-11-14T08:17:03&apos;&#10;System info: host: &apos;DESKTOP-SGOLO4O&apos;, ip: &apos;192.168.0.105&apos;, os.name: &apos;Windows 10&apos;, os.arch: &apos;amd64&apos;, os.version: &apos;10.0&apos;, java.version: &apos;1.8.0_301&apos;&#10;Driver info: org.openqa.selenium.chrome.ChromeDriver&#10;Capabilities {acceptInsecureCerts: false, browserName: chrome, browserVersion: 96.0.4664.45, chrome: {chromedriverVersion: 96.0.4664.45 (76e4c1bb2ab46..., userDataDir: C:\Users\bunti\AppData\Loca...}, goog:chromeOptions: {debuggerAddress: localhost:59679}, javascriptEnabled: true, networkConnectionEnabled: false, pageLoadStrategy: normal, platform: WINDOWS, platformName: WINDOWS, proxy: Proxy(), setWindowRect: true, strictFileInteractability: false, timeouts: {implicit: 0, pageLoad: 300000, script: 30000}, unhandledPromptBehavior: dismiss and notify, webauthn:extension:credBlob: true, webauthn:extension:largeBlob: true, webauthn:virtualAuthenticators: true}&#10;Session ID: d44c5c872ca7842f94ab00186fd73ccd&#10;*** Element info: {Using=xpath, value=//*[@id=&quot;RecoverPassword&quot;]}" type="org.openqa.selenium.NoSuchElementException">org.openqa.selenium.NoSuchElementException: 
no such element: Unable to locate element: {"method":"xpath","selector":"//*[@id="RecoverPassword"]"}
  (Session info: chrome=96.0.4664.45)
For documentation on this error, please visit: https://www.seleniumhq.org/exceptions/no_such_element.html
Build info: version: '3.141.59', revision: 'e82be7d358', time: '2018-11-14T08:17:03'
System info: host: 'DESKTOP-SGOLO4O', ip: '192.168.0.105', os.name: 'Windows 10', os.arch: 'amd64', os.version: '10.0', java.version: '1.8.0_301'
Driver info: org.openqa.selenium.chrome.ChromeDriver
Capabilities {acceptInsecureCerts: false, browserName: chrome, browserVersion: 96.0.4664.45, chrome: {chromedriverVersion: 96.0.4664.45 (76e4c1bb2ab46..., userDataDir: C:\Users\bunti\AppData\Loca...}, goog:chromeOptions: {debuggerAddress: localhost:59679}, javascriptEnabled: true, networkConnectionEnabled: false, pageLoadStrategy: normal, platform: WINDOWS, platformName: WINDOWS, proxy: Proxy(), setWindowRect: true, strictFileInteractability: false, timeouts: {implicit: 0, pageLoad: 300000, script: 30000}, unhandledPromptBehavior: dismiss and notify, webauthn:extension:credBlob: true, webauthn:extension:largeBlob: true, webauthn:virtualAuthenticators: true}
Session ID: d44c5c872ca7842f94ab00186fd73ccd
*** Element info: {Using=xpath, value=//*[@id="RecoverPassword"]}
	at com.frame.runner.ContactTestCase.sign_in_page_validation2(ContactTestCase.java:212)
</failure>
    <system-out><![CDATA[Test passed
Test has started
Test has started
Test Failed
]]></system-out>
  </testcase>
</testsuite>